<?xml version="1.0" encoding="UTF-8"?>
<!-- Generated by org.testng.reporters.JUnitReportReporter -->
<testsuite hostname="DESKTOP-4M14A0P" failures="0" tests="2" name="mar24.AdvanceReports" time="15.846" errors="0" timestamp="2023-03-25T10:11:39 IST" skipped="0">
  <testcase classname="mar24.AdvanceReports" name="testcase1" time="10.059"/>
  <system-out/>
  <testcase classname="mar24.AdvanceReports" name="testcase2" time="5.787"/>
  <system-out/>
</testsuite> <!-- mar24.AdvanceReports -->
