<?xml version="1.0" encoding="UTF-8"?>
<!-- Generated by org.testng.reporters.JUnitReportReporter -->
<testsuite hostname="DESKTOP-4M14A0P" failures="0" tests="1" name="mar24.Property_File" time="3.094" errors="0" timestamp="2023-03-24T10:33:25 IST" skipped="0">
  <testcase classname="mar24.Property_File" name="verifyLogin" time="3.094"/>
  <system-out>
    <![CDATA[Login Success::Dashboard « Stock Accounting      Dashboard « Stock Accounting]]>
  </system-out>
</testsuite> <!-- mar24.Property_File -->
